nohup: ignoring input
[2J[3J[H3:34:28 PM - Starting compilation in watch mode...


3:34:50 PM - Found 0 errors. Watching for file changes.
[2J[3J[H3:41:23 PM - File change detected. Starting incremental compilation...


3:41:29 PM - Found 0 errors. Watching for file changes.
[2J[3J[H3:42:11 PM - File change detected. Starting incremental compilation...


3:42:16 PM - Found 0 errors. Watching for file changes.
[2J[3J[H3:49:22 PM - File change detected. Starting incremental compilation...


3:49:27 PM - Found 0 errors. Watching for file changes.
[2J[3J[H3:49:50 PM - File change detected. Starting incremental compilation...


3:49:54 PM - Found 0 errors. Watching for file changes.
[2J[3J[H3:52:23 PM - File change detected. Starting incremental compilation...


3:52:28 PM - Found 0 errors. Watching for file changes.
[2J[3J[H3:55:04 PM - File change detected. Starting incremental compilation...


3:55:10 PM - Found 0 errors. Watching for file changes.
[2J[3J[H3:55:56 PM - File change detected. Starting incremental compilation...


3:56:02 PM - Found 0 errors. Watching for file changes.
[2J[3J[H3:56:35 PM - File change detected. Starting incremental compilation...


3:56:40 PM - Found 0 errors. Watching for file changes.
[2J[3J[H4:20:30 PM - File change detected. Starting incremental compilation...


4:20:36 PM - Found 0 errors. Watching for file changes.
[2J[3J[H12:38:27 AM - File change detected. Starting incremental compilation...


12:38:34 AM - Found 0 errors. Watching for file changes.
[2J[3J[H12:40:47 AM - File change detected. Starting incremental compilation...


12:40:48 AM - Found 0 errors. Watching for file changes.
[2J[3J[H12:41:03 AM - File change detected. Starting incremental compilation...


12:41:03 AM - Found 0 errors. Watching for file changes.
[2J[3J[H12:41:17 AM - File change detected. Starting incremental compilation...


12:41:20 AM - Found 0 errors. Watching for file changes.
[2J[3J[H12:41:30 AM - File change detected. Starting incremental compilation...


12:41:33 AM - Found 0 errors. Watching for file changes.
[2J[3J[H12:42:14 AM - File change detected. Starting incremental compilation...


12:42:18 AM - Found 0 errors. Watching for file changes.
[2J[3J[H12:45:41 AM - File change detected. Starting incremental compilation...


12:45:45 AM - Found 0 errors. Watching for file changes.
[2J[3J[H12:45:47 AM - File change detected. Starting incremental compilation...


12:45:50 AM - Found 0 errors. Watching for file changes.
[2J[3J[H12:46:00 AM - File change detected. Starting incremental compilation...


12:46:03 AM - Found 0 errors. Watching for file changes.
[2J[3J[H12:46:15 AM - File change detected. Starting incremental compilation...


12:46:18 AM - Found 0 errors. Watching for file changes.
[2J[3J[H12:46:31 AM - File change detected. Starting incremental compilation...


12:46:34 AM - Found 0 errors. Watching for file changes.
[2J[3J[H12:49:37 AM - File change detected. Starting incremental compilation...


12:49:40 AM - Found 0 errors. Watching for file changes.
[2J[3J[H12:52:55 AM - File change detected. Starting incremental compilation...


12:52:59 AM - Found 0 errors. Watching for file changes.
[2J[3J[H12:53:30 AM - File change detected. Starting incremental compilation...


12:53:31 AM - Found 0 errors. Watching for file changes.
[2J[3J[H12:53:50 AM - File change detected. Starting incremental compilation...


12:53:53 AM - Found 0 errors. Watching for file changes.
[2J[3J[H12:54:21 AM - File change detected. Starting incremental compilation...


12:54:26 AM - Found 0 errors. Watching for file changes.
cremental compilation...


12:54:24 AM - Found 0 errors. Watching for file changes.
